2022-12-26 15:24:42,552 - qtpyvcp - INFO - Logging to /home/cnc/linuxcnc/configs/probe_basic/config/probe_basic/sim.log
2022-12-26 15:24:42,553 - qtpyvcp - INFO - QtPyVCP Version: v0.3.19
2022-12-26 15:24:42,666 - qtpyvcp - DEBUG - Qt Version: 5.11.3
2022-12-26 15:24:42,667 - qtpyvcp - DEBUG - Qt API: QT_API
2022-12-26 15:24:42,667 - qtpyvcp - DEBUG - QtPy Version: 1.11.3
2022-12-26 15:24:42,668 - qtpyvcp - DEBUG - Command line options:
{
    "command_line_args": null, 
    "config_file": "/home/cnc/linuxcnc/configs/probe_basic/config/probe_basic/custom_config.yml", 
    "confirm_exit": false, 
    "develop": false, 
    "fullscreen": null, 
    "help": false, 
    "hide_cursor": false, 
    "hide_menu_bar": false, 
    "hide_status_bar": false, 
    "info": false, 
    "ini": "/home/cnc/linuxcnc/configs/probe_basic/config/probe_basic/probe_basic.ini", 
    "log_file": "/home/cnc/linuxcnc/configs/probe_basic/config/probe_basic/sim.log", 
    "log_level": "DEBUG", 
    "maximize": null, 
    "perfmon": false, 
    "position": "0x0", 
    "qt_api": null, 
    "size": null, 
    "stylesheet": null, 
    "theme": null, 
    "version": false
}
2022-12-26 15:24:43,164 - qtpyvcp.utilities.config_loader - DEBUG - Loading config files: ['/home/cnc/linuxcnc/configs/probe_basic/config/probe_basic/custom_config.yml', '/home/cnc/.local/lib/python2.7/site-packages/probe_basic/probe_basic.yml', '/home/cnc/.local/lib/python2.7/site-packages/qtpyvcp/yaml_lib/default_config.yml']
2022-12-26 15:24:44,244 - qtpyvcp.utilities.config_loader - DEBUG - Merged YAML config:

default_menubar:
- title: File
  items:
  - title: '&Open ...'
    action: win.openFile
    shortcut: ctrl+o
  - title: '&Recent Files'
    provider: qtpyvcp.widgets.recent_files_menu:RecentFilesMenu
  - title: '&Reload'
    action: program.reload
  - title: '&Close'
    action: program.clear
  - title: Save &As
    action: null
  - separator
  - title: Edit ToolTable
    action: win.showDialog
    args:
    - tool_edit
  - separator
  - title: Exit
    action: app.exit
    shortcut: ctrl+q
- title: Machine
  items:
  - title: Toggle E-Stop
    action: machine.estop.toggle
    shortcut: F1
  - title: Toggle Power
    action: machine.power.toggle
    shortcut: F2
  - separator
  - title: Run Program
    action: program.run
    shortcut: R
  - title: Step
    action: program.step
    shortcut: T
  - title: Pause
    action: program.pause
    shortcut: P
  - title: Resume
    action: program.resume
    shortcut: R
  - title: Abort
    action: program.abort
    shortcut: esc
  - title: Optional Stop
    action: program.optional_stop.toggle
  - title: Optional Skip
    action: program.optional_skip.toggle
  - separator
  - title: Homing
    provider: qtpyvcp.widgets.menus.homing_menu:HomingMenu
  - title: Cooling
    items:
    - title: Flood
      action: coolant.flood.toggle
      shortcut: F7
    - title: Mist
      action: coolant.mist.toggle
      shortcut: F8
  - title: Set Work Offsets
    action: win.showDialog
    args:
    - set_work_offsets
  - separator
  - title: Override Limits
    action: machine.override_limits
- title: Settings
  items:
  - title: Show On-screen Keyboard
    action: settings.virtual-input.enable
- title: View
  items:
  - title: Show Gridlines
    action: settings.backplot.show-grid
  - separator
  - title: Show Machine Bounds
    action: settings.backplot.show-machine-bounds
  - title: Show Machine Labels
    action: settings.backplot.show-machine-labels
  - title: Show Machine Ticks
    action: settings.backplot.show-machine-ticks
  - separator
  - title: Show Program Bounds
    action: settings.backplot.show-program-bounds
  - title: Show Program Labels
    action: settings.backplot.show-program-labels
  - title: Show Program Ticks
    action: settings.backplot.show-program-ticks
  - title: Use Colors per Tool
    action: settings.backplot.multitool-colors
  - separator
  - title: Perspective View
    action: settings.backplot.perspective-view
  - title: View Angle
    action: settings.backplot.view
- title: Tools
  items:
  - title: HAL Meter
    action: tool.halmeter
  - title: HAL Scope
    action: tool.halscope
  - title: HAL Show
    action: tool.halshow
  - title: LCNC Status
    action: tool.status
  - title: Calibration
    action: tool.calibration
  - title: Classicladder PLC
    action: tool.classicladder
  - title: Simulated Probe
    action: tool.simulate_probe
- title: About
  items:
  - title: About QtPyVCP
    action: win.showDialog
    args:
    - about_qtpyvcp
  - title: About Qt
    action: app.aboutQt
vcp:
  name: Probe Basic
  version: v0.0.1
  author: Chris Polanski
  description: Probe Basic description ...
windows:
  mainwindow:
    provider: probe_basic.probe_basic:ProbeBasic
    kwargs:
      menu: &id001
      - title: File
        items:
        - title: '&Open ...'
          action: win.openFile
          shortcut: ctrl+o
        - title: '&Recent Files'
          provider: qtpyvcp.widgets.recent_files_menu:RecentFilesMenu
        - title: '&Reload'
          action: program.reload
        - title: '&Close'
          action: program.clear
        - title: Save &As
          action: null
        - separator
        - title: Exit
          action: app.exit
          shortcut: ctrl+q
      - title: Machine
        items:
        - title: Toggle E-Stop
          action: machine.estop.toggle
          shortcut: F1
        - title: Toggle Power
          action: machine.power.toggle
          shortcut: F2
        - separator
        - title: Run Program
          action: program.run
          shortcut: R
        - title: Step
          action: program.step
          shortcut: T
        - title: Pause
          action: program.pause
          shortcut: P
        - title: Resume
          action: program.resume
          shortcut: R
        - title: Abort
          action: program.abort
          shortcut: esc
        - title: Optional Stop
          action: program.optional_stop.toggle
        - title: Optional Skip
          action: program.optional_skip.toggle
        - separator
        - title: Homing
          provider: qtpyvcp.widgets.menus.homing_menu:HomingMenu
        - title: Cooling
          items:
          - title: Flood
            action: coolant.flood.toggle
            shortcut: F7
          - title: Mist
            action: coolant.mist.toggle
            shortcut: F8
        - title: Set Work Offsets
          action: win.showDialog
          args:
          - set_work_offsets
        - separator
        - title: Override Limits
          action: machine.override_limits
      - title: Settings
        items:
        - title: Show On-screen Keyboard
          action: settings.virtual-input.enable
      - title: View
        items:
        - title: Show Gridlines
          action: settings.backplot.show-grid
        - separator
        - title: Show Machine Bounds
          action: settings.backplot.show-machine-bounds
        - title: Show Machine Labels
          action: settings.backplot.show-machine-labels
        - title: Show Machine Ticks
          action: settings.backplot.show-machine-ticks
        - separator
        - title: Show Program Bounds
          action: settings.backplot.show-program-bounds
        - title: Show Program Labels
          action: settings.backplot.show-program-labels
        - title: Show Program Ticks
          action: settings.backplot.show-program-ticks
        - separator
        - title: Perspective View
          action: settings.backplot.perspective-view
        - title: View Angle
          action: settings.backplot.view
      - title: Tools
        items:
        - title: HAL Meter
          action: tool.halmeter
        - title: HAL Scope
          action: tool.halscope
        - title: HAL Show
          action: tool.halshow
        - title: LCNC Status
          action: tool.status
        - title: Calibration
          action: tool.calibration
        - title: Classicladder PLC
          action: tool.classicladder
      - title: About
        items:
        - title: About Probe Basic
          action: win.showDialog
          args:
          - about_probebasic
        - title: About QtPyVCP
          action: win.showDialog
          args:
          - about_qtpyvcp
        - title: About Qt
          action: app.aboutQt
      fullscreen: true
      ui_file: /home/cnc/.local/lib/python2.7/site-packages/probe_basic/probe_basic.ui
      confirm_exit: false
data_plugins:
  status:
    provider: qtpyvcp.plugins.status:Status
    kwargs:
      cycle_time: 15
  persistent_data_manager:
    provider: qtpyvcp.plugins.persistent_data_manager:PersistentDataManager
    kwargs:
      serialization_method: pickle
  settings:
    provider: qtpyvcp.plugins.settings:Settings
  position:
    provider: qtpyvcp.plugins.positions:Position
    kwargs:
      report_actual_pos: true
      use_program_units: true
  tooltable:
    provider: qtpyvcp.plugins.tool_table:ToolTable
    kwargs:
      columns: TXYZDR
  offsettable:
    provider: qtpyvcp.plugins.offset_table:OffsetTable
  notifications:
    provider: qtpyvcp.plugins.notifications:Notifications
    kwargs:
      enabled: true
      mode: native
      max_messages: 5
      persistent: true
  file_locations:
    provider: qtpyvcp.plugins.file_locations:FileLocations
    log_level: debug
    kwargs:
      default_location: NC Files
      local_locations:
        Home: ~/
        Desktop: ~/Desktop
        NC Files: ~/linuxcnc/nc_files
      network_locations: null
    exportedhal:
      provider: qtpyvcp.plugins.exported_hal:ExportedHal
  virtual_input:
    provider: qtpyvcp.plugins.virtual_input_manager:VirtualInputManager
dialogs:
  open_file:
    provider: qtpyvcp.widgets.dialogs.open_file_dialog:OpenFileDialog
  set_work_offsets:
    provider: qtpyvcp.widgets.dialogs.offsets_dialog:OffsetsDialog
  tool_edit:
    provider: qtpyvcp.widgets.dialogs.tool_edit_dialog:ToolEditDialog
  probe_sim:
    provider: qtpyvcp.widgets.dialogs.probesim_dialog:ProbeSim
  about_qtpyvcp:
    provider: qtpyvcp.widgets.dialogs.about_dialog:AboutDialog
  about_probebasic:
    provider: qtpyvcp.widgets.dialogs.about_dialog:AboutDialog
    kwargs:
      ui_file: /home/cnc/.local/lib/python2.7/site-packages/probe_basic/about.ui
virtual_input_providers:
  number:
    provider: qtpyvcp.widgets.virtual_input.virtual_input:VirtualInput
    kwargs:
      ui_file: /home/cnc/.local/lib/python2.7/site-packages/qtpyvcp/yaml_lib/../widgets/virtual_input/numpad.ui
  text:
    provider: qtpyvcp.widgets.virtual_input.virtual_input:VirtualInput
    kwargs:
      ui_file: /home/cnc/.local/lib/python2.7/site-packages/qtpyvcp/yaml_lib/../widgets/virtual_input/keyboard.ui
application:
  provider: qtpyvcp.app.application:VCPApplication
  kwargs:
    stylesheet: /home/cnc/.local/lib/python2.7/site-packages/probe_basic/probe_basic.qss
settings:
  touch-probe.diameter-offset:
    default_value: 0.123123
    persistent: true
    min_value: 0
    max_value: 1
  dro.display-units:
    default_value: 0
    options:
    - Auto
    - Inch
    - Metric
  dro.lathe-radius-mode:
    default_value: 0
    options:
    - Auto
    - Radius
    - Diameter
  dro.inch-format:
    default_value: '%9.4f'
    value_type: str
  dro.millimeter-format:
    default_value: '%9.3f'
    value_type: str
  dro.degree-format:
    default_value: '%9.2f'
  backplot.show-grid:
    default_value: false
  backplot.show-program-bounds:
    default_value: false
  backplot.show-program-labels:
    default_value: false
  backplot.show-program-ticks:
    default_value: false
  backplot.show-machine-bounds:
    default_value: false
  backplot.show-machine-labels:
    default_value: false
  backplot.show-machine-ticks:
    default_value: false
  backplot.perspective-view:
    default_value: false
  backplot.view:
    default_value: P
    options:
    - 'X: Front View'
    - 'XZ: Lathe View'
    - 'XZ2: Lathe View'
    - 'Y: Front View'
    - 'Z: Top View'
    - 'Z2: Bottom View'
    - 'P: Isometric'
  backplot.multitool-colors:
    default_value: true
  touch-probe.calibration-offset:
    description: Probe trigger point offset.
    default_value: 0.0
    persistent: true
    min_value: 0
    max_value: 1
  probe-parameters.probe-tool-number:
    description: probe tool number.
    default_value: 0.0
    persistent: true
    min_value: 0
    max_value: 9999
  probe-parameters.step-off-width:
    description: probe step off width.
    default_value: 0.0
    persistent: true
    min_value: 0
    max_value: 1000
  probe-parameters.probe-fast-fr:
    description: probe fast feedrate.
    default_value: 0.0
    persistent: true
    min_value: 0
    max_value: 1000
  probe-parameters.probe-slow-fr:
    description: probe slow feedrate.
    default_value: 0.0
    persistent: true
    min_value: 0
    max_value: 1000
  probe-parameters.max-xy-distance:
    description: max x and y probe travel distance.
    default_value: 0.0
    persistent: true
    min_value: 0
    max_value: 100
  probe-parameters.xy-clearance:
    description: x and y clearance distance.
    default_value: 0.0
    persistent: true
    min_value: 0
    max_value: 1000
  probe-parameters.max-z-distance:
    description: max z probe travel distance.
    default_value: 0.0
    persistent: true
    min_value: 0
    max_value: 100
  probe-parameters.z-clearance:
    description: z clearance distance.
    default_value: 0.0
    persistent: true
    min_value: 0
    max_value: 1000
  probe-parameters.extra-probe-depth:
    description: extra probe depth.
    default_value: 0.0
    persistent: true
    min_value: 0
    max_value: 100
  probe-parameters.edge-width:
    description: edge width probing distance.
    default_value: 0.0
    persistent: true
    min_value: 0
    max_value: 1000
  tool-change-position.x-tool-change-position:
    description: x axis tool change position.
    default_value: 0.0
    persistent: true
    min_value: -1000
    max_value: 1000
  tool-change-position.y-tool-change-position:
    description: y axis tool change position.
    default_value: 0.0
    persistent: true
    min_value: -1000
    max_value: 1000
  tool-change-position.z-tool-change-position:
    description: z axis tool change position.
    default_value: 0.0
    persistent: true
    min_value: -1000
    max_value: 1000
  tool-setter-probe.fast-probe-fr:
    description: tool probe fast feedrate.
    default_value: 0.0
    persistent: true
    min_value: -1000
    max_value: 1000
  tool-setter-probe.slow-probe-fr:
    description: tool probe slow feedrate.
    default_value: 0.0
    persistent: true
    min_value: -1000
    max_value: 1000
  tool-setter-probe.z-max-travel:
    description: maximumm z travel while probing before erroring out.
    default_value: 0.0
    persistent: true
    min_value: -1000
    max_value: 1000
  tool-setter-probe.xy-max-travel:
    description: maximumm xy travel while probing before erroring out.
    default_value: 0.0
    persistent: true
    min_value: -1000
    max_value: 1000
  tool-setter-probe.retract-distance:
    description: distance tool retracts after fast probe move.
    default_value: 0.0
    persistent: true
    min_value: -1000
    max_value: 1000
  tool-setter-probe.spindle-nose-height:
    description: distance from home to tool setter for the spindle nose.
    default_value: 0.0
    persistent: true
    min_value: -1000
    max_value: 1000
  programmable-coolant.active:
    description: activates programmable coolant with 1 as entry.
    default_value: 0.0
    persistent: true
    min_value: 0
    max_value: 1
  programmable-coolant.spindle-to-nozzle-dist:
    description: horizontal distance from spindle centerline to nozzle centerline.
    default_value: 0.0
    persistent: true
    min_value: -1000
    max_value: 1000
  programmable-coolant.gaugeline-to-nozzle-dist:
    description: vertical distance from spindle centerline to nozzle centerline.
    default_value: 0.0
    persistent: true
    min_value: -1000
    max_value: 1000
  programmable-coolant.pc-angle-offset:
    description: coolant nozzle offset amount to adjust for distance, pressure, gravity.
    default_value: 0.0
    persistent: true
    min_value: -45
    max_value: 45
menubar: *id001
qtdesigner:
  ui_file: /home/cnc/.local/lib/python2.7/site-packages/probe_basic/probe_basic.ui
  qss_file: /home/cnc/.local/lib/python2.7/site-packages/probe_basic/probe_basic.qss


2022-12-26 15:24:44,915 - qtpyvcp.utilities.info - INFO - The machine has 5 axes and 5 joints
2022-12-26 15:24:44,916 - qtpyvcp.utilities.info - INFO - The Axis/Joint mapping is:
2022-12-26 15:24:44,916 - qtpyvcp.utilities.info - INFO - Axis X --> Joint 0
2022-12-26 15:24:44,916 - qtpyvcp.utilities.info - INFO - Axis Y --> Joint 1
2022-12-26 15:24:44,916 - qtpyvcp.utilities.info - INFO - Axis Z --> Joint 2
2022-12-26 15:24:44,917 - qtpyvcp.utilities.info - INFO - Axis A --> Joint 3
2022-12-26 15:24:44,917 - qtpyvcp.utilities.info - INFO - Axis B --> Joint 4
2022-12-26 15:24:44,917 - qtpyvcp.app.launcher - DEBUG - Time: 0.000 (+0.000) - in script
2022-12-26 15:24:44,918 - qtpyvcp.app.launcher - DEBUG - Loading data plugings
2022-12-26 15:24:44,918 - qtpyvcp.plugins - DEBUG - Loading plugin 'status' from 'qtpyvcp.plugins.status:Status'
2022-12-26 15:24:44,923 - qtpyvcp.plugins.status - DEBUG - ---------set mdi_history: None, ['M6', 'T4', 'g0 x5', 'g0 x20', 'g0 z11', 'g0 z16', 'g0 z6', 'g0 z16', 'g0 z6', 'g0 z16', 'g0 z6', 'g0 z16', 'g0 z6', 'g0 z16', 'g0 z6', 'g0 z16', 'g0 z6', 'g0 z16', 'g0 z10', 'g0 z16', 'g0 z11', 'g0 z16', 'g0 z6', 'g0 z16', 'g0 z10', 'g0 z16', 'g0 z10', 'g0 z16', 'g0 z10.0', 'g0 z10.080', 'go z10.080', 'g0 z11.020', 'g0 z11', 'g0 z16', 'g0 z5.975', 'g0 z16', 'g0 z5.975', 'g0 z16', 'g0 z5.975', 'g0 z6.975', 'g0 z10.975', 'g0 z10.976', 'g0 z11', 'g0 z6', 'g0 z16', 'g0 z7', 'g0 z16', 'g0 z7', 'g0 z16', 'g0 z7', 'g0 z5.6468', 'g0 y2 z5.6468', 'g0 z16', 'g0 z5.6468', 'g0 z16.1468', 'g0 z6.1468', 'g0 x12.25 y2', 'g0 z16.1468', 'g0 z16', 'g0 z16.1468', 'g0 z6.1468', 'g0 z16', 'g0 z6.1465', 'g0 z16', 'g0 z6.1460', 'g0 z16', 'g0 z6.1440', 'g0 z16', 'g0 z6.1450', 'g0 z16', 'g0 z6.1450', 'g0 z15.1450', 'g0 z6.1450', 'g0 z15.1450', 'g0 z6.1450', 'g0 z15.1450', 'g0 x12.25 y2 z5.8', 'g0 z6.5', 'g0 y2', 'g0 z7', 'g0 z6', 'g0 z8', 'g0 x12.25 y1 z10', 'g0 y5', 'g0 x11', 'g0x7.58', 'g0 x20', 'g0 x7.58', 'g0 x7.600', 'g0 x7.66', 'g0 x7.67', 'g0 x7.69', 'g0 7.69', 'g0 x7.68', 'g0 x20', 'g0 x7.68', 'g0 x20', 'g0 x7.68', 'g0 x20', 'g0 x7.68']
2022-12-26 15:24:44,936 - qtpyvcp.plugins - DEBUG - Loading plugin 'persistent_data_manager' from 'qtpyvcp.plugins.persistent_data_manager:PersistentDataManager'
2022-12-26 15:24:44,943 - qtpyvcp.plugins - DEBUG - Loading plugin 'settings' from 'qtpyvcp.plugins.settings:Settings'
2022-12-26 15:24:44,945 - qtpyvcp.plugins - DEBUG - Loading plugin 'position' from 'qtpyvcp.plugins.positions:Position'
2022-12-26 15:24:44,947 - qtpyvcp.plugins - DEBUG - Loading plugin 'tooltable' from 'qtpyvcp.plugins.tool_table:ToolTable'
2022-12-26 15:24:44,960 - qtpyvcp.plugins - DEBUG - Loading plugin 'offsettable' from 'qtpyvcp.plugins.offset_table:OffsetTable'
2022-12-26 15:24:44,963 - qtpyvcp.plugins - DEBUG - Loading plugin 'notifications' from 'qtpyvcp.plugins.notifications:Notifications'
2022-12-26 15:24:44,998 - qtpyvcp.plugins - DEBUG - Loading plugin 'file_locations' from 'qtpyvcp.plugins.file_locations:FileLocations'
2022-12-26 15:24:45,156 - qtpyvcp.plugins - DEBUG - Loading plugin 'virtual_input' from 'qtpyvcp.plugins.virtual_input_manager:VirtualInputManager'
2022-12-26 15:24:45,157 - qtpyvcp.app.launcher - DEBUG - Time: 0.240 (+0.240) - done loading data plugins
2022-12-26 15:24:45,158 - qtpyvcp.app.launcher - DEBUG - Initializing app
2022-12-26 15:24:45,384 - qtpyvcp.plugins - DEBUG - Initializing 'status' plugin
2022-12-26 15:24:45,385 - qtpyvcp.plugins.status - DEBUG - Starting periodic updates with 15ms cycle time
2022-12-26 15:24:45,386 - qtpyvcp.plugins - DEBUG - Initializing 'persistent_data_manager' plugin
2022-12-26 15:24:45,387 - qtpyvcp.plugins - DEBUG - Initializing 'settings' plugin
2022-12-26 15:24:45,387 - qtpyvcp.plugins - DEBUG - Initializing 'position' plugin
2022-12-26 15:24:45,387 - qtpyvcp.plugins - DEBUG - Initializing 'tooltable' plugin
2022-12-26 15:24:45,388 - qtpyvcp.plugins - DEBUG - Initializing 'offsettable' plugin
2022-12-26 15:24:45,389 - qtpyvcp.plugins - DEBUG - Initializing 'notifications' plugin
2022-12-26 15:24:45,389 - qtpyvcp.plugins - DEBUG - Initializing 'file_locations' plugin
2022-12-26 15:24:45,425 - qtpyvcp.plugins - DEBUG - Initializing 'virtual_input' plugin
2022-12-26 15:24:45,549 - qtpyvcp - INFO - Loading global stylesheet: /home/cnc/.local/lib/python2.7/site-packages/probe_basic/probe_basic.qss
2022-12-26 15:24:45,562 - qtpyvcp.app.launcher - DEBUG - Time: 0.644 (+0.404) - done initializing app
2022-12-26 15:24:45,562 - qtpyvcp.app.launcher - DEBUG - Loading dialogs
2022-12-26 15:24:46,127 - qtpyvcp.app.launcher - DEBUG - Time: 1.209 (+0.565) - done loading dialogs
2022-12-26 15:24:46,127 - qtpyvcp.app.launcher - DEBUG - Loading windows
2022-12-26 15:24:47,622 - qtpyvcp.widgets.display_widgets.vtk_backplot.vtk_backplot - DEBUG - ---------using refactored vtk code
2022-12-26 15:24:47,632 - qtpyvcp.widgets.display_widgets.vtk_backplot.linuxcnc_datasource - DEBUG - self._status.stat.g5x_offset: <type 'tuple'>
2022-12-26 15:24:47,633 - qtpyvcp.widgets.display_widgets.vtk_backplot.linuxcnc_datasource - DEBUG - -----current_wcs index: [0.0, 0.0, 0.0, 0.0, 0.0, 0.0, 0.0, 0.0, 0.0, 0.0]
2022-12-26 15:24:47,634 - qtpyvcp.widgets.display_widgets.vtk_backplot.vtk_backplot - DEBUG - ---------active_wcs_index 0
2022-12-26 15:24:47,634 - qtpyvcp.widgets.display_widgets.vtk_backplot.vtk_backplot - DEBUG - ---------active_wcs_offset (0.0, 0.0, 0.0, 0.0, 0.0, 0.0, 0.0, 0.0, 0.0, 0.0)
2022-12-26 15:24:47,635 - qtpyvcp.widgets.display_widgets.vtk_backplot.vtk_backplot - DEBUG - ---------wcs_offsets {0: [0.0, 0.0, 0.0, 0.0, 0.0, 0.0, 0.0, 0.0, 0.0, 0.0], 1: [0.0, 0.0, 0.0, 0.0, 0.0, 0.0, 0.0, 0.0, 0.0, 0.0], 2: [0.0, 0.0, 0.0, 0.0, 0.0, 0.0, 0.0, 0.0, 0.0, 0.0], 3: [0.0, 0.0, 0.0, 0.0, 0.0, 0.0, 0.0, 0.0, 0.0, 0.0], 4: [0.0, 0.0, 0.0, 0.0, 0.0, 0.0, 0.0, 0.0, 0.0, 0.0], 5: [0.0, 0.0, 0.0, 0.0, 0.0, 0.0, 0.0, 0.0, 0.0, 0.0], 6: [0.0, 0.0, 0.0, 0.0, 0.0, 0.0, 0.0, 0.0, 0.0, 0.0], 7: [0.0, 0.0, 0.0, 0.0, 0.0, 0.0, 0.0, 0.0, 0.0, 0.0], 8: [0.0, 0.0, 0.0, 0.0, 0.0, 0.0, 0.0, 0.0, 0.0, 0.0]}
2022-12-26 15:24:47,667 - qtpyvcp.widgets.display_widgets.vtk_backplot.vtk_backplot - DEBUG - ---------translate1: (0.0, 0.0, 0.0)
2022-12-26 15:24:47,668 - qtpyvcp.widgets.display_widgets.vtk_backplot.vtk_backplot - DEBUG - ---------active_wcs_offset: (0.0, 0.0, 0.0, 0.0, 0.0, 0.0, 0.0, 0.0, 0.0, 0.0)
2022-12-26 15:24:47,740 - qtpyvcp.widgets.display_widgets.vtk_backplot.vtk_backplot - DEBUG - show grid
2022-12-26 15:24:47,743 - qtpyvcp.widgets.display_widgets.vtk_backplot.vtk_backplot - DEBUG - Setting view to: P
2022-12-26 15:24:47,835 - qtpyvcp.widgets.display_widgets.vtk_backplot.vtk_backplot - DEBUG - ---------using refactored vtk code
2022-12-26 15:24:47,836 - qtpyvcp.widgets.display_widgets.vtk_backplot.linuxcnc_datasource - DEBUG - self._status.stat.g5x_offset: <type 'tuple'>
2022-12-26 15:24:47,836 - qtpyvcp.widgets.display_widgets.vtk_backplot.linuxcnc_datasource - DEBUG - -----current_wcs index: [0.0, 0.0, 0.0, 0.0, 0.0, 0.0, 0.0, 0.0, 0.0, 0.0]
2022-12-26 15:24:47,837 - qtpyvcp.widgets.display_widgets.vtk_backplot.vtk_backplot - DEBUG - ---------active_wcs_index 0
2022-12-26 15:24:47,837 - qtpyvcp.widgets.display_widgets.vtk_backplot.vtk_backplot - DEBUG - ---------active_wcs_offset (0.0, 0.0, 0.0, 0.0, 0.0, 0.0, 0.0, 0.0, 0.0, 0.0)
2022-12-26 15:24:47,837 - qtpyvcp.widgets.display_widgets.vtk_backplot.vtk_backplot - DEBUG - ---------wcs_offsets {0: [0.0, 0.0, 0.0, 0.0, 0.0, 0.0, 0.0, 0.0, 0.0, 0.0], 1: [0.0, 0.0, 0.0, 0.0, 0.0, 0.0, 0.0, 0.0, 0.0, 0.0], 2: [0.0, 0.0, 0.0, 0.0, 0.0, 0.0, 0.0, 0.0, 0.0, 0.0], 3: [0.0, 0.0, 0.0, 0.0, 0.0, 0.0, 0.0, 0.0, 0.0, 0.0], 4: [0.0, 0.0, 0.0, 0.0, 0.0, 0.0, 0.0, 0.0, 0.0, 0.0], 5: [0.0, 0.0, 0.0, 0.0, 0.0, 0.0, 0.0, 0.0, 0.0, 0.0], 6: [0.0, 0.0, 0.0, 0.0, 0.0, 0.0, 0.0, 0.0, 0.0, 0.0], 7: [0.0, 0.0, 0.0, 0.0, 0.0, 0.0, 0.0, 0.0, 0.0, 0.0], 8: [0.0, 0.0, 0.0, 0.0, 0.0, 0.0, 0.0, 0.0, 0.0, 0.0]}
2022-12-26 15:24:47,869 - qtpyvcp.widgets.display_widgets.vtk_backplot.vtk_backplot - DEBUG - ---------translate1: (0.0, 0.0, 0.0)
2022-12-26 15:24:47,870 - qtpyvcp.widgets.display_widgets.vtk_backplot.vtk_backplot - DEBUG - ---------active_wcs_offset: (0.0, 0.0, 0.0, 0.0, 0.0, 0.0, 0.0, 0.0, 0.0, 0.0)
2022-12-26 15:24:47,928 - qtpyvcp.widgets.display_widgets.vtk_backplot.vtk_backplot - DEBUG - show grid
2022-12-26 15:24:47,947 - qtpyvcp.widgets.display_widgets.vtk_backplot.vtk_backplot - DEBUG - Setting view to: P
2022-12-26 15:24:49,565 - qtpyvcp.widgets.display_widgets.vtk_backplot.vtk_backplot - DEBUG - ---------using refactored vtk code
2022-12-26 15:24:49,567 - qtpyvcp.widgets.display_widgets.vtk_backplot.linuxcnc_datasource - DEBUG - self._status.stat.g5x_offset: <type 'tuple'>
2022-12-26 15:24:49,567 - qtpyvcp.widgets.display_widgets.vtk_backplot.linuxcnc_datasource - DEBUG - -----current_wcs index: [0.0, 0.0, 0.0, 0.0, 0.0, 0.0, 0.0, 0.0, 0.0, 0.0]
2022-12-26 15:24:49,567 - qtpyvcp.widgets.display_widgets.vtk_backplot.vtk_backplot - DEBUG - ---------active_wcs_index 0
2022-12-26 15:24:49,568 - qtpyvcp.widgets.display_widgets.vtk_backplot.vtk_backplot - DEBUG - ---------active_wcs_offset (0.0, 0.0, 0.0, 0.0, 0.0, 0.0, 0.0, 0.0, 0.0, 0.0)
2022-12-26 15:24:49,568 - qtpyvcp.widgets.display_widgets.vtk_backplot.vtk_backplot - DEBUG - ---------wcs_offsets {0: [0.0, 0.0, 0.0, 0.0, 0.0, 0.0, 0.0, 0.0, 0.0, 0.0], 1: [0.0, 0.0, 0.0, 0.0, 0.0, 0.0, 0.0, 0.0, 0.0, 0.0], 2: [0.0, 0.0, 0.0, 0.0, 0.0, 0.0, 0.0, 0.0, 0.0, 0.0], 3: [0.0, 0.0, 0.0, 0.0, 0.0, 0.0, 0.0, 0.0, 0.0, 0.0], 4: [0.0, 0.0, 0.0, 0.0, 0.0, 0.0, 0.0, 0.0, 0.0, 0.0], 5: [0.0, 0.0, 0.0, 0.0, 0.0, 0.0, 0.0, 0.0, 0.0, 0.0], 6: [0.0, 0.0, 0.0, 0.0, 0.0, 0.0, 0.0, 0.0, 0.0, 0.0], 7: [0.0, 0.0, 0.0, 0.0, 0.0, 0.0, 0.0, 0.0, 0.0, 0.0], 8: [0.0, 0.0, 0.0, 0.0, 0.0, 0.0, 0.0, 0.0, 0.0, 0.0]}
2022-12-26 15:24:49,596 - qtpyvcp.widgets.display_widgets.vtk_backplot.vtk_backplot - DEBUG - ---------translate1: (0.0, 0.0, 0.0)
2022-12-26 15:24:49,597 - qtpyvcp.widgets.display_widgets.vtk_backplot.vtk_backplot - DEBUG - ---------active_wcs_offset: (0.0, 0.0, 0.0, 0.0, 0.0, 0.0, 0.0, 0.0, 0.0, 0.0)
2022-12-26 15:24:49,655 - qtpyvcp.widgets.display_widgets.vtk_backplot.vtk_backplot - DEBUG - show grid
2022-12-26 15:24:49,658 - qtpyvcp.widgets.display_widgets.vtk_backplot.vtk_backplot - DEBUG - Setting view to: P
2022-12-26 15:24:51,865 - qtpyvcp.plugins - DEBUG - Post GUI Initializing 'status' plugin
2022-12-26 15:24:51,865 - qtpyvcp.plugins - DEBUG - Post GUI Initializing 'persistent_data_manager' plugin
2022-12-26 15:24:51,866 - qtpyvcp.plugins - DEBUG - Post GUI Initializing 'settings' plugin
2022-12-26 15:24:51,866 - qtpyvcp.plugins - DEBUG - Post GUI Initializing 'position' plugin
2022-12-26 15:24:51,866 - qtpyvcp.plugins - DEBUG - Post GUI Initializing 'tooltable' plugin
2022-12-26 15:24:51,866 - qtpyvcp.plugins - DEBUG - Post GUI Initializing 'offsettable' plugin
2022-12-26 15:24:51,867 - qtpyvcp.plugins - DEBUG - Post GUI Initializing 'notifications' plugin
2022-12-26 15:24:51,868 - qtpyvcp.plugins - DEBUG - Post GUI Initializing 'file_locations' plugin
2022-12-26 15:24:51,868 - qtpyvcp.plugins - DEBUG - Post GUI Initializing 'virtual_input' plugin
2022-12-26 15:24:52,350 - qtpyvcp.app.launcher - DEBUG - Time: 7.433 (+6.223) - done loading windows
2022-12-26 15:24:52,351 - qtpyvcp.app.launcher - DEBUG - Initializing widgets
2022-12-26 15:24:52,376 - qtpyvcp.hal - DEBUG - Using existing HAL component: qtpyvcp
2022-12-26 15:24:52,377 - qtpyvcp.hal.hal_qlib - DEBUG - Adding HAL pin: qtpyvcp.timerminutes.enable (bit in)
2022-12-26 15:24:52,378 - qtpyvcp.hal.hal_qlib - DEBUG - Adding HAL pin: qtpyvcp.timerminutes.in (u32 in)
2022-12-26 15:24:52,391 - qtpyvcp.hal - DEBUG - Using existing HAL component: qtpyvcp
2022-12-26 15:24:52,392 - qtpyvcp.hal.hal_qlib - DEBUG - Adding HAL pin: qtpyvcp.timerhours.enable (bit in)
2022-12-26 15:24:52,392 - qtpyvcp.hal.hal_qlib - DEBUG - Adding HAL pin: qtpyvcp.timerhours.in (u32 in)
2022-12-26 15:24:52,423 - qtpyvcp.hal - DEBUG - Using existing HAL component: qtpyvcp
2022-12-26 15:24:52,424 - qtpyvcp.hal.hal_qlib - DEBUG - Adding HAL pin: qtpyvcp.timerseconds.enable (bit in)
2022-12-26 15:24:52,425 - qtpyvcp.hal.hal_qlib - DEBUG - Adding HAL pin: qtpyvcp.timerseconds.in (u32 in)
2022-12-26 15:24:52,436 - qtpyvcp.hal - DEBUG - Using existing HAL component: qtpyvcp
2022-12-26 15:24:52,437 - qtpyvcp.hal.hal_qlib - DEBUG - Adding HAL pin: qtpyvcp.spindle-load-indicator.in-f (float in)
2022-12-26 15:24:52,438 - qtpyvcp.hal.hal_qlib - DEBUG - Adding HAL pin: qtpyvcp.spindle-load-indicator.in-i (u32 in)
2022-12-26 15:24:52,438 - qtpyvcp.hal.hal_qlib - DEBUG - Adding HAL pin: qtpyvcp.spindle-load-indicator.min-val (float in)
2022-12-26 15:24:52,440 - qtpyvcp.hal.hal_qlib - DEBUG - Adding HAL pin: qtpyvcp.spindle-load-indicator.max-val (float in)
2022-12-26 15:24:52,461 - qtpyvcp.app.launcher - DEBUG - Time: 7.543 (+0.111) - done initializing widgets
2022-12-26 15:24:52,462 - qtpyvcp.app.launcher - INFO - Loading POSTGUI_HALFILE: /home/cnc/linuxcnc/configs/probe_basic/config/probe_basic/hallib/time.hal
2022-12-26 15:24:52,803 - qtpyvcp.actions.program_actions - DEBUG - Loading NC program: /home/cnc/linuxcnc/nc_files/pb_examples/blank.ngc
2022-12-26 15:24:53,429 - qtpyvcp.plugins.offset_table - DEBUG - Params file changed: /home/cnc/linuxcnc/configs/probe_basic/config/probe_basic/sim.var
2022-12-26 15:24:53,432 - qtpyvcp.widgets.display_widgets.vtk_backplot.vtk_backplot - DEBUG - -------load_program
2022-12-26 15:24:53,446 - qtpyvcp.widgets.display_widgets.vtk_backplot.vtk_canon - DEBUG - ---------received wcs change: 0
2022-12-26 15:24:53,461 - qtpyvcp.widgets.display_widgets.vtk_backplot.vtk_canon - DEBUG - G-code Comment: interpreter: feed mode set to units per minute
2022-12-26 15:24:53,462 - qtpyvcp.widgets.display_widgets.vtk_backplot.vtk_canon - DEBUG - G-code Comment: interpreter: cutter radius compensation off
2022-12-26 15:24:53,462 - qtpyvcp.widgets.display_widgets.vtk_backplot.vtk_canon - DEBUG - G-code Comment: interpreter: continuing to use same coordinate system
2022-12-26 15:24:53,462 - qtpyvcp.widgets.display_widgets.vtk_backplot.vtk_canon - DEBUG - G-code Comment: interpreter: retract mode set to old_z
2022-12-26 15:24:53,463 - qtpyvcp.widgets.display_widgets.vtk_backplot.vtk_canon - DEBUG - G-code Comment: interpreter: motion mode set to none
2022-12-26 15:24:53,463 - qtpyvcp.widgets.display_widgets.vtk_backplot.vtk_canon - DEBUG - G-code Comment: New Program
2022-12-26 15:24:53,463 - qtpyvcp.widgets.display_widgets.vtk_backplot.vtk_canon - DEBUG - ---------received wcs change: 0
2022-12-26 15:24:53,464 - qtpyvcp.widgets.display_widgets.vtk_backplot.vtk_backplot - DEBUG - -------Load time 0.0307619571686 seconds ---
2022-12-26 15:24:53,464 - qtpyvcp.widgets.display_widgets.vtk_backplot.vtk_canon - DEBUG - ---------path points size: 296
2022-12-26 15:24:53,464 - qtpyvcp.widgets.display_widgets.vtk_backplot.vtk_canon - DEBUG - ---------path points length: 1
2022-12-26 15:24:53,465 - qtpyvcp.widgets.display_widgets.vtk_backplot.vtk_backplot - DEBUG - -------Draw time 0.0320160388947 seconds ---
2022-12-26 15:24:53,465 - qtpyvcp.widgets.display_widgets.vtk_backplot.vtk_backplot - DEBUG - ---------wcs_offsets: {0: [0.0, 0.0, 0.0, 0.0, 0.0, 0.0, 0.0, 0.0, 0.0, 0.0], 1: [0.0, 0.0, 0.0, 0.0, 0.0, 0.0, 0.0, 0.0, 0.0, 0.0], 2: [0.0, 0.0, 0.0, 0.0, 0.0, 0.0, 0.0, 0.0, 0.0, 0.0], 3: [0.0, 0.0, 0.0, 0.0, 0.0, 0.0, 0.0, 0.0, 0.0, 0.0], 4: [0.0, 0.0, 0.0, 0.0, 0.0, 0.0, 0.0, 0.0, 0.0, 0.0], 5: [0.0, 0.0, 0.0, 0.0, 0.0, 0.0, 0.0, 0.0, 0.0, 0.0], 6: [0.0, 0.0, 0.0, 0.0, 0.0, 0.0, 0.0, 0.0, 0.0, 0.0], 7: [0.0, 0.0, 0.0, 0.0, 0.0, 0.0, 0.0, 0.0, 0.0, 0.0], 8: [0.0, 0.0, 0.0, 0.0, 0.0, 0.0, 0.0, 0.0, 0.0, 0.0]}
2022-12-26 15:24:53,466 - qtpyvcp.widgets.display_widgets.vtk_backplot.vtk_backplot - DEBUG - ---------wcs_index: 0
2022-12-26 15:24:53,466 - qtpyvcp.widgets.display_widgets.vtk_backplot.vtk_backplot - DEBUG - ---------current_offsets: [0.0, 0.0, 0.0, 0.0, 0.0, 0.0, 0.0, 0.0, 0.0, 0.0]
2022-12-26 15:24:53,466 - qtpyvcp.widgets.display_widgets.vtk_backplot.vtk_backplot - DEBUG - ---------current_position: 0.0
2022-12-26 15:24:53,522 - qtpyvcp.widgets.display_widgets.vtk_backplot.vtk_backplot - DEBUG - -------load_program
2022-12-26 15:24:53,529 - qtpyvcp.widgets.display_widgets.vtk_backplot.vtk_canon - DEBUG - ---------received wcs change: 0
2022-12-26 15:24:53,540 - qtpyvcp.widgets.display_widgets.vtk_backplot.vtk_canon - DEBUG - G-code Comment: interpreter: feed mode set to units per minute
2022-12-26 15:24:53,540 - qtpyvcp.widgets.display_widgets.vtk_backplot.vtk_canon - DEBUG - G-code Comment: interpreter: cutter radius compensation off
2022-12-26 15:24:53,540 - qtpyvcp.widgets.display_widgets.vtk_backplot.vtk_canon - DEBUG - G-code Comment: interpreter: continuing to use same coordinate system
2022-12-26 15:24:53,541 - qtpyvcp.widgets.display_widgets.vtk_backplot.vtk_canon - DEBUG - G-code Comment: interpreter: retract mode set to old_z
2022-12-26 15:24:53,541 - qtpyvcp.widgets.display_widgets.vtk_backplot.vtk_canon - DEBUG - G-code Comment: interpreter: motion mode set to none
2022-12-26 15:24:53,541 - qtpyvcp.widgets.display_widgets.vtk_backplot.vtk_canon - DEBUG - G-code Comment: New Program
2022-12-26 15:24:53,542 - qtpyvcp.widgets.display_widgets.vtk_backplot.vtk_canon - DEBUG - ---------received wcs change: 0
2022-12-26 15:24:53,542 - qtpyvcp.widgets.display_widgets.vtk_backplot.vtk_backplot - DEBUG - -------Load time 0.0194170475006 seconds ---
2022-12-26 15:24:53,542 - qtpyvcp.widgets.display_widgets.vtk_backplot.vtk_canon - DEBUG - ---------path points size: 296
2022-12-26 15:24:53,543 - qtpyvcp.widgets.display_widgets.vtk_backplot.vtk_canon - DEBUG - ---------path points length: 1
2022-12-26 15:24:53,543 - qtpyvcp.widgets.display_widgets.vtk_backplot.vtk_backplot - DEBUG - -------Draw time 0.0205879211426 seconds ---
2022-12-26 15:24:53,544 - qtpyvcp.widgets.display_widgets.vtk_backplot.vtk_backplot - DEBUG - ---------wcs_offsets: {0: [0.0, 0.0, 0.0, 0.0, 0.0, 0.0, 0.0, 0.0, 0.0, 0.0], 1: [0.0, 0.0, 0.0, 0.0, 0.0, 0.0, 0.0, 0.0, 0.0, 0.0], 2: [0.0, 0.0, 0.0, 0.0, 0.0, 0.0, 0.0, 0.0, 0.0, 0.0], 3: [0.0, 0.0, 0.0, 0.0, 0.0, 0.0, 0.0, 0.0, 0.0, 0.0], 4: [0.0, 0.0, 0.0, 0.0, 0.0, 0.0, 0.0, 0.0, 0.0, 0.0], 5: [0.0, 0.0, 0.0, 0.0, 0.0, 0.0, 0.0, 0.0, 0.0, 0.0], 6: [0.0, 0.0, 0.0, 0.0, 0.0, 0.0, 0.0, 0.0, 0.0, 0.0], 7: [0.0, 0.0, 0.0, 0.0, 0.0, 0.0, 0.0, 0.0, 0.0, 0.0], 8: [0.0, 0.0, 0.0, 0.0, 0.0, 0.0, 0.0, 0.0, 0.0, 0.0]}
2022-12-26 15:24:53,544 - qtpyvcp.widgets.display_widgets.vtk_backplot.vtk_backplot - DEBUG - ---------wcs_index: 0
2022-12-26 15:24:53,544 - qtpyvcp.widgets.display_widgets.vtk_backplot.vtk_backplot - DEBUG - ---------current_offsets: [0.0, 0.0, 0.0, 0.0, 0.0, 0.0, 0.0, 0.0, 0.0, 0.0]
2022-12-26 15:24:53,545 - qtpyvcp.widgets.display_widgets.vtk_backplot.vtk_backplot - DEBUG - ---------current_position: 0.0
2022-12-26 15:24:53,701 - qtpyvcp.widgets.display_widgets.vtk_backplot.vtk_backplot - DEBUG - -------load_program
2022-12-26 15:24:53,707 - qtpyvcp.widgets.display_widgets.vtk_backplot.vtk_canon - DEBUG - ---------received wcs change: 0
2022-12-26 15:24:53,719 - qtpyvcp.widgets.display_widgets.vtk_backplot.vtk_canon - DEBUG - G-code Comment: interpreter: feed mode set to units per minute
2022-12-26 15:24:53,719 - qtpyvcp.widgets.display_widgets.vtk_backplot.vtk_canon - DEBUG - G-code Comment: interpreter: cutter radius compensation off
2022-12-26 15:24:53,719 - qtpyvcp.widgets.display_widgets.vtk_backplot.vtk_canon - DEBUG - G-code Comment: interpreter: continuing to use same coordinate system
2022-12-26 15:24:53,720 - qtpyvcp.widgets.display_widgets.vtk_backplot.vtk_canon - DEBUG - G-code Comment: interpreter: retract mode set to old_z
2022-12-26 15:24:53,720 - qtpyvcp.widgets.display_widgets.vtk_backplot.vtk_canon - DEBUG - G-code Comment: interpreter: motion mode set to none
2022-12-26 15:24:53,720 - qtpyvcp.widgets.display_widgets.vtk_backplot.vtk_canon - DEBUG - G-code Comment: New Program
2022-12-26 15:24:53,721 - qtpyvcp.widgets.display_widgets.vtk_backplot.vtk_canon - DEBUG - ---------received wcs change: 0
2022-12-26 15:24:53,721 - qtpyvcp.widgets.display_widgets.vtk_backplot.vtk_backplot - DEBUG - -------Load time 0.019483089447 seconds ---
2022-12-26 15:24:53,721 - qtpyvcp.widgets.display_widgets.vtk_backplot.vtk_canon - DEBUG - ---------path points size: 296
2022-12-26 15:24:53,722 - qtpyvcp.widgets.display_widgets.vtk_backplot.vtk_canon - DEBUG - ---------path points length: 1
2022-12-26 15:24:53,722 - qtpyvcp.widgets.display_widgets.vtk_backplot.vtk_backplot - DEBUG - -------Draw time 0.0207550525665 seconds ---
2022-12-26 15:24:53,723 - qtpyvcp.widgets.display_widgets.vtk_backplot.vtk_backplot - DEBUG - ---------wcs_offsets: {0: [0.0, 0.0, 0.0, 0.0, 0.0, 0.0, 0.0, 0.0, 0.0, 0.0], 1: [0.0, 0.0, 0.0, 0.0, 0.0, 0.0, 0.0, 0.0, 0.0, 0.0], 2: [0.0, 0.0, 0.0, 0.0, 0.0, 0.0, 0.0, 0.0, 0.0, 0.0], 3: [0.0, 0.0, 0.0, 0.0, 0.0, 0.0, 0.0, 0.0, 0.0, 0.0], 4: [0.0, 0.0, 0.0, 0.0, 0.0, 0.0, 0.0, 0.0, 0.0, 0.0], 5: [0.0, 0.0, 0.0, 0.0, 0.0, 0.0, 0.0, 0.0, 0.0, 0.0], 6: [0.0, 0.0, 0.0, 0.0, 0.0, 0.0, 0.0, 0.0, 0.0, 0.0], 7: [0.0, 0.0, 0.0, 0.0, 0.0, 0.0, 0.0, 0.0, 0.0, 0.0], 8: [0.0, 0.0, 0.0, 0.0, 0.0, 0.0, 0.0, 0.0, 0.0, 0.0]}
2022-12-26 15:24:53,723 - qtpyvcp.widgets.display_widgets.vtk_backplot.vtk_backplot - DEBUG - ---------wcs_index: 0
2022-12-26 15:24:53,723 - qtpyvcp.widgets.display_widgets.vtk_backplot.vtk_backplot - DEBUG - ---------current_offsets: [0.0, 0.0, 0.0, 0.0, 0.0, 0.0, 0.0, 0.0, 0.0, 0.0]
2022-12-26 15:24:53,724 - qtpyvcp.widgets.display_widgets.vtk_backplot.vtk_backplot - DEBUG - ---------current_position: 0.0
2022-12-26 15:24:54,084 - qtpyvcp.widgets.display_widgets.vtk_backplot.vtk_backplot - DEBUG - on_offset_table_changed
2022-12-26 15:24:54,085 - qtpyvcp.widgets.display_widgets.vtk_backplot.vtk_backplot - DEBUG - on_offset_table_changed
2022-12-26 15:24:54,086 - qtpyvcp.widgets.display_widgets.vtk_backplot.vtk_backplot - DEBUG - on_offset_table_changed
2022-12-26 15:25:00,083 - qtpyvcp - DEBUG - Terminating widgets
2022-12-26 15:25:00,110 - qtpyvcp.plugins - DEBUG - Terminating 'virtual_input' plugin
2022-12-26 15:25:00,111 - qtpyvcp.plugins - DEBUG - Terminating 'file_locations' plugin
2022-12-26 15:25:00,111 - qtpyvcp.plugins - DEBUG - Terminating 'notifications' plugin
2022-12-26 15:25:00,112 - qtpyvcp.plugins - DEBUG - Terminating 'offsettable' plugin
2022-12-26 15:25:00,112 - qtpyvcp.plugins - DEBUG - Terminating 'tooltable' plugin
2022-12-26 15:25:00,112 - qtpyvcp.plugins - DEBUG - Terminating 'position' plugin
2022-12-26 15:25:00,113 - qtpyvcp.plugins - DEBUG - Terminating 'settings' plugin
2022-12-26 15:25:00,113 - qtpyvcp.plugins - DEBUG - Terminating 'persistent_data_manager' plugin
2022-12-26 15:25:00,114 - qtpyvcp.plugins.persistent_data_manager - DEBUG - Writing persistent data to file: /home/cnc/linuxcnc/configs/probe_basic/config/probe_basic/.vcp_persistent_data.pickle
2022-12-26 15:25:00,116 - qtpyvcp.plugins - DEBUG - Terminating 'status' plugin
